<?xml version="1.0" encoding="UTF-8"?>
<!-- Generated by org.testng.reporters.JUnitReportReporter -->
<testsuite skipped="0" hostname="Avinashs-MacBook-Pro.local" name="com.narcissus.HomePageTests" tests="1" failures="0" timestamp="2022-06-05T16:07:30 IST" time="27.777" errors="0">
  <testcase name="verifyOnClickOnJoinMeetingUserRedirectsToJoinMeetingPage" time="27.777" classname="com.narcissus.HomePageTests"/>
  <system-out/>
</testsuite> <!-- com.narcissus.HomePageTests -->
