<?xml version="1.0" encoding="UTF-8"?>
<!-- Generated by org.testng.reporters.JUnitReportReporter -->
<testsuite skipped="0" hostname="Avinashs-MacBook-Pro.local" name="com.narcissus.SignUpPageTests" tests="1" failures="0" timestamp="2022-06-05T16:35:40 IST" time="21.839" errors="0">
  <testcase name="verifyPhoneNumberInPlaceOgFullName" time="21.839" classname="com.narcissus.SignUpPageTests"/>
  <system-out/>
</testsuite> <!-- com.narcissus.SignUpPageTests -->
